#
# There is insufficient memory for the Java Runtime Environment to continue.
# Native memory allocation (mmap) failed to map 123731968 bytes for G1 virtual space
# Possible reasons:
#   The system is out of physical RAM or swap space
#   The process is running with CompressedOops enabled, and the Java Heap may be blocking the growth of the native heap
# Possible solutions:
#   Reduce memory load on the system
#   Increase physical memory or swap space
#   Check if swap backing store is full
#   Decrease Java heap size (-Xmx/-Xms)
#   Decrease number of Java threads
#   Decrease Java thread stack sizes (-Xss)
#   Set larger code cache with -XX:ReservedCodeCacheSize=
#   JVM is running with Unscaled Compressed Oops mode in which the Java heap is
#     placed in the first 4GB address space. The Java Heap base address is the
#     maximum limit for the native heap growth. Please use -XX:HeapBaseMinAddress
#     to set the Java Heap base and to place the Java Heap above 4GB virtual address.
# This output file may be truncated or incomplete.
#
#  Out of Memory Error (os_windows.cpp:3548), pid=26016, tid=16180
#
# JRE version:  (17.0.12+8) (build )
# Java VM: Java HotSpot(TM) 64-Bit Server VM (17.0.12+8-LTS-286, mixed mode, sharing, tiered, compressed oops, compressed class ptrs, g1 gc, windows-amd64)
# No core dump will be written. Minidumps are not enabled by default on client versions of Windows
#

---------------  S U M M A R Y ------------

Command Line: org.jetbrains.kotlin.cli.jvm.K2JVMCompiler @C:\Users\vedko\AndroidStudioProjects\CaregiverApp\app\build\20250722_5382458407107950493.compiler.options

Host: AMD Ryzen 5 5600H with Radeon Graphics         , 12 cores, 7G,  Windows 11 , 64 bit Build 26100 (10.0.26100.4484)
Time: Tue Jul 22 10:14:02 2025 India Standard Time elapsed time: 1.113466 seconds (0d 0h 0m 1s)

---------------  T H R E A D  ---------------

Current thread (0x000001e96a9a67d0):  JavaThread "Unknown thread" [_thread_in_vm, id=16180, stack(0x0000000935300000,0x0000000935400000)]

Stack: [0x0000000935300000,0x0000000935400000]
Native frames: (J=compiled Java code, j=interpreted, Vv=VM code, C=native code)
V  [jvm.dll+0x67a04a]
V  [jvm.dll+0x7da4ed]
V  [jvm.dll+0x7dbe33]
V  [jvm.dll+0x7dc4a3]
V  [jvm.dll+0x24508f]
V  [jvm.dll+0x677089]
V  [jvm.dll+0x66bd32]
V  [jvm.dll+0x301fa6]
V  [jvm.dll+0x309546]
V  [jvm.dll+0x359d2e]
V  [jvm.dll+0x359f5f]
V  [jvm.dll+0x2d9078]
V  [jvm.dll+0x2d9fe4]
V  [jvm.dll+0x7aca21]
V  [jvm.dll+0x367591]
V  [jvm.dll+0x78b999]
V  [jvm.dll+0x3ec83f]
V  [jvm.dll+0x3ee471]
C  [jli.dll+0x5297]
C  [ucrtbase.dll+0x37b0]
C  [KERNEL32.DLL+0x2e8d7]
C  [ntdll.dll+0x3c34c]


---------------  P R O C E S S  ---------------

Threads class SMR info:
_java_thread_list=0x00007fff00d27a18, length=0, elements={
}

Java Threads: ( => current thread )

Other Threads:
  0x000001e96a9f7e50 GCTaskThread "GC Thread#0" [stack: 0x0000000935400000,0x0000000935500000] [id=28780]
  0x000001e96aa078e0 ConcurrentGCThread "G1 Main Marker" [stack: 0x0000000935500000,0x0000000935600000] [id=7132]
  0x000001e96aa082f0 ConcurrentGCThread "G1 Conc#0" [stack: 0x0000000935600000,0x0000000935700000] [id=19396]

[error occurred during error reporting (printing all threads), id 0xc0000005, EXCEPTION_ACCESS_VIOLATION (0xc0000005) at pc=0x00007fff00559b67]

VM state: not at safepoint (not fully initialized)

VM Mutex/Monitor currently owned by a thread:  ([mutex/lock_event])
[0x000001e96a9a2650] Heap_lock - owner thread: 0x000001e96a9a67d0

Heap address: 0x000000008a600000, size: 1882 MB, Compressed Oops mode: 32-bit

CDS archive(s) mapped at: [0x0000000000000000-0x0000000000000000-0x0000000000000000), size 0, SharedBaseAddress: 0x0000000800000000, ArchiveRelocationMode: 1.
Narrow klass base: 0x0000000000000000, Narrow klass shift: 0, Narrow klass range: 0x0

GC Precious Log:
<Empty>

Heap:
 garbage-first heap   total 0K, used 0K [0x000000008a600000, 0x0000000100000000)
  region size 1024K, 0 young (0K), 0 survivors (0K)

[error occurred during error reporting (printing heap information), id 0xc0000005, EXCEPTION_ACCESS_VIOLATION (0xc0000005) at pc=0x00007fff00943859]

GC Heap History (0 events):
No events

Deoptimization events (0 events):
No events

Classes unloaded (0 events):
No events

Classes redefined (0 events):
No events

Internal exceptions (0 events):
No events

VM Operations (0 events):
No events

Events (1 events):
Event: 0.055 Loaded shared library C:\Program Files\Java\jdk-17\bin\java.dll


Dynamic libraries:
0x00007ff657e80000 - 0x00007ff657e90000 	C:\Program Files\Java\jdk-17\bin\java.exe
0x00007fffc25a0000 - 0x00007fffc2808000 	C:\WINDOWS\SYSTEM32\ntdll.dll
0x00007fffc19d0000 - 0x00007fffc1a99000 	C:\WINDOWS\System32\KERNEL32.DLL
0x00007fffbf780000 - 0x00007fffbfb6d000 	C:\WINDOWS\System32\KERNELBASE.dll
0x00007fffbfdd0000 - 0x00007fffbff1b000 	C:\WINDOWS\System32\ucrtbase.dll
0x00007fff895f0000 - 0x00007fff89609000 	C:\Program Files\Java\jdk-17\bin\jli.dll
0x00007fff7fe80000 - 0x00007fff7fe9b000 	C:\Program Files\Java\jdk-17\bin\VCRUNTIME140.dll
0x00007fffc17f0000 - 0x00007fffc18a4000 	C:\WINDOWS\System32\ADVAPI32.dll
0x00007fffc10f0000 - 0x00007fffc1199000 	C:\WINDOWS\System32\msvcrt.dll
0x00007fffc2390000 - 0x00007fffc2436000 	C:\WINDOWS\System32\sechost.dll
0x00007fffc0c10000 - 0x00007fffc0d28000 	C:\WINDOWS\System32\RPCRT4.dll
0x00007fffa4f70000 - 0x00007fffa520a000 	C:\WINDOWS\WinSxS\amd64_microsoft.windows.common-controls_6595b64144ccf1df_6.0.26100.4484_none_3e0e6d4ce32ef3b3\COMCTL32.dll
0x00007fffc08c0000 - 0x00007fffc0a8c000 	C:\WINDOWS\System32\USER32.dll
0x00007fffbfda0000 - 0x00007fffbfdc7000 	C:\WINDOWS\System32\win32u.dll
0x00007fffc16c0000 - 0x00007fffc16eb000 	C:\WINDOWS\System32\GDI32.dll
0x00007fffbffc0000 - 0x00007fffc00f7000 	C:\WINDOWS\System32\gdi32full.dll
0x00007fffbfb70000 - 0x00007fffbfc13000 	C:\WINDOWS\System32\msvcp_win.dll
0x00007fffb80b0000 - 0x00007fffb80bb000 	C:\WINDOWS\SYSTEM32\VERSION.dll
0x00007fffc2440000 - 0x00007fffc246f000 	C:\WINDOWS\System32\IMM32.DLL
0x00007fff9d550000 - 0x00007fff9d55c000 	C:\Program Files\Java\jdk-17\bin\vcruntime140_1.dll
0x00007fff62f60000 - 0x00007fff62fee000 	C:\Program Files\Java\jdk-17\bin\msvcp140.dll
0x00007fff00270000 - 0x00007fff00e50000 	C:\Program Files\Java\jdk-17\bin\server\jvm.dll
0x00007fffc10c0000 - 0x00007fffc10c8000 	C:\WINDOWS\System32\PSAPI.DLL
0x00007fffb9e30000 - 0x00007fffb9e3a000 	C:\WINDOWS\SYSTEM32\WSOCK32.dll
0x00007fffc0b80000 - 0x00007fffc0bf4000 	C:\WINDOWS\System32\WS2_32.dll
0x00007fffb8070000 - 0x00007fffb80a5000 	C:\WINDOWS\SYSTEM32\WINMM.dll
0x00007fffbe490000 - 0x00007fffbe4ab000 	C:\WINDOWS\SYSTEM32\kernel.appcore.dll
0x00007fff9b9e0000 - 0x00007fff9b9ea000 	C:\Program Files\Java\jdk-17\bin\jimage.dll
0x00007fffb2130000 - 0x00007fffb2371000 	C:\WINDOWS\SYSTEM32\DBGHELP.DLL
0x00007fffc0d30000 - 0x00007fffc10b6000 	C:\WINDOWS\System32\combase.dll
0x00007fffc0a90000 - 0x00007fffc0b70000 	C:\WINDOWS\System32\OLEAUT32.dll
0x00007fffa5970000 - 0x00007fffa59b3000 	C:\WINDOWS\SYSTEM32\dbgcore.DLL
0x00007fffbff20000 - 0x00007fffbffb9000 	C:\WINDOWS\System32\bcryptPrimitives.dll
0x00007fff7faf0000 - 0x00007fff7fb15000 	C:\Program Files\Java\jdk-17\bin\java.dll

dbghelp: loaded successfully - version: 4.0.5 - missing functions: none
symbol engine: initialized successfully - sym options: 0x614 - pdb path: .;C:\Program Files\Java\jdk-17\bin;C:\WINDOWS\SYSTEM32;C:\WINDOWS\WinSxS\amd64_microsoft.windows.common-controls_6595b64144ccf1df_6.0.26100.4484_none_3e0e6d4ce32ef3b3;C:\Program Files\Java\jdk-17\bin\server

VM Arguments:
java_command: org.jetbrains.kotlin.cli.jvm.K2JVMCompiler @C:\Users\vedko\AndroidStudioProjects\CaregiverApp\app\build\20250722_5382458407107950493.compiler.options
java_class_path (initial): C:\Users\vedko\.gradle\caches\modules-2\files-2.1\org.jetbrains.kotlin\kotlin-compiler-embeddable\2.0.0\1de310de3446414381282ffc46c3ed3919a4d1da\kotlin-compiler-embeddable-2.0.0.jar;C:\Users\vedko\.gradle\caches\modules-2\files-2.1\org.jetbrains.kotlin\kotlin-stdlib\2.0.0\b48df2c4aede9586cc931ead433bc02d6fd7879e\kotlin-stdlib-2.0.0.jar;C:\Users\vedko\.gradle\caches\modules-2\files-2.1\org.jetbrains.kotlin\kotlin-script-runtime\2.0.0\fdc27dd047d592fa41d2dfa21e7621287a361612\kotlin-script-runtime-2.0.0.jar;C:\Users\vedko\.gradle\caches\modules-2\files-2.1\org.jetbrains.kotlin\kotlin-reflect\1.6.10\1cbe9c92c12a94eea200d23c2bbaedaf3daf5132\kotlin-reflect-1.6.10.jar;C:\Users\vedko\.gradle\caches\modules-2\files-2.1\org.jetbrains.kotlin\kotlin-daemon-embeddable\2.0.0\b39c612768614c4428c96ee9c65477181fffe9d\kotlin-daemon-embeddable-2.0.0.jar;C:\Users\vedko\.gradle\caches\modules-2\files-2.1\org.jetbrains.intellij.deps\trove4j\1.0.20200330\3afb14d5f9ceb459d724e907a21145e8ff394f02\trove4j-1.0.20200330.jar;C:\Users\vedko\.gradle\caches\modules-2\files-2.1\org.jetbrains\annotations\13.0\919f0dfe192fb4e063e7dacadee7f8bb9a2672a9\annotations-13.0.jar
Launcher Type: SUN_STANDARD

[Global flags]
     intx CICompilerCount                          = 4                                         {product} {ergonomic}
     uint ConcGCThreads                            = 3                                         {product} {ergonomic}
     uint G1ConcRefinementThreads                  = 10                                        {product} {ergonomic}
   size_t G1HeapRegionSize                         = 1048576                                   {product} {ergonomic}
    uintx GCDrainStackTargetSize                   = 64                                        {product} {ergonomic}
   size_t InitialHeapSize                          = 123731968                                 {product} {ergonomic}
   size_t MarkStackSize                            = 4194304                                   {product} {ergonomic}
   size_t MaxHeapSize                              = 1973420032                                {product} {ergonomic}
   size_t MinHeapDeltaBytes                        = 1048576                                   {product} {ergonomic}
   size_t MinHeapSize                              = 8388608                                   {product} {ergonomic}
    uintx NonNMethodCodeHeapSize                   = 5839372                                {pd product} {ergonomic}
    uintx NonProfiledCodeHeapSize                  = 122909434                              {pd product} {ergonomic}
    uintx ProfiledCodeHeapSize                     = 122909434                              {pd product} {ergonomic}
    uintx ReservedCodeCacheSize                    = 251658240                              {pd product} {ergonomic}
     bool SegmentedCodeCache                       = true                                      {product} {ergonomic}
   size_t SoftMaxHeapSize                          = 1973420032                             {manageable} {ergonomic}
     bool UseCompressedClassPointers               = true                           {product lp64_product} {ergonomic}
     bool UseCompressedOops                        = true                           {product lp64_product} {ergonomic}
     bool UseG1GC                                  = true                                      {product} {ergonomic}
     bool UseLargePagesIndividualAllocation        = false                                  {pd product} {ergonomic}

Logging:
Log output configuration:
 #0: stdout all=warning uptime,level,tags
 #1: stderr all=off uptime,level,tags

Environment Variables:
JAVA_HOME=C:\Program Files\Java\jdk-17
CLASSPATH=C:\Users\vedko\AndroidStudioProjects\CaregiverApp\\gradle\wrapper\gradle-wrapper.jar
PATH=C:\Program Files (x86)\Common Files\Oracle\Java\java8path;C:\Program Files (x86)\Common Files\Oracle\Java\javapath;C:\Program Files\Java\jdk-17.0.13\bin;C:\Program Files\Java\jdk-17.0.13;C:\Program Files\Java\jdk-17\bin;C:\WINDOWS\system32;C:\WINDOWS;C:\WINDOWS\System32\Wbem;C:\WINDOWS\System32\WindowsPowerShell\v1.0\;C:\WINDOWS\System32\OpenSSH\;C:\MinGW\bin;C:\Program Files\dotnet\;C:\Program Files\Git\cmd;C:\Program Files\nodejs\;C:\Users\vedko\AppData\Local\Android\Sdk\platform-tools;C:\Users\vedko\AppData\Local\Android\Sdk\emulator;C:\Program Files (x86)\Windows Kits\10\Windows Performance Toolkit\;C:\gradle-7.6\bin;C:\flutter\bin;C:\Users\vedko\AppData\Local\Pub\Cache\bin;C:\Users\vedko\AppData\Roaming\npm;C:\Program Files\CMake\bin;c:\Users\vedko\AppData\Local\Programs\cursor\resources\app\bin;C:\WINDOWS\system32;C:\WINDOWS;C:\WINDOWS\System32\Wbem;C:\WINDOWS\System32\WindowsPowerShell\v1.0\;C:\WINDOWS\System32\OpenSSH\;C:\Program Files\PuTTY\;C:\Users\vedko\.deno\bin\deno.exe;C:\Program Files\Docker\Docker\resources\bin;C:\Program Files\Amazon\AWSCLIV2\;C:\Users\vedko\AppData\Local\Programs\Python\Python311\Scripts\;C:\Users\vedko\AppData\Local\Programs\Python\Python311\;C:\Users\vedko\AppData\Local\Programs\Python\Python313\Scripts\;C:\Users\vedko\AppData\Local\Programs\Python\Python313\;C:\Users\vedko\AppData\Local\Programs\Python\Launcher\;C:\Program Files\Java\jdk-17\bin;C:\Users\vedko\AppData\Local\Programs\Microsoft VS Code\bin;C:\Users\vedko\AppData\Local\Microsoft\WindowsApps;C:\Users\vedko\.deno\bin;C:\Users\vedko\AppData\Local\Programs\Python\Python311;C:\Users\vedko\AppData\Local\Programs\cursor\resources\app\bin
USERNAME=vedko
OS=Windows_NT
PROCESSOR_IDENTIFIER=AMD64 Family 25 Model 80 Stepping 0, AuthenticAMD



---------------  S Y S T E M  ---------------

OS:
 Windows 11 , 64 bit Build 26100 (10.0.26100.4484)
OS uptime: 3 days 16:42 hours
Hyper-V role detected

CPU: total 12 (initial active 12) (12 cores per cpu, 2 threads per core) family 25 model 80 stepping 0 microcode 0xa50000d, cx8, cmov, fxsr, ht, mmx, 3dnowpref, sse, sse2, sse3, ssse3, sse4a, sse4.1, sse4.2, popcnt, lzcnt, tsc, tscinvbit, avx, avx2, aes, erms, clmul, bmi1, bmi2, adx, sha, fma, vzeroupper, clflush, clflushopt, hv

Memory: 4k page, system-wide physical 7521M (23M free)
TotalPageFile size 31073M (AvailPageFile size 136M)
current process WorkingSet (physical memory assigned to process): 11M, peak: 11M
current process commit charge ("private bytes"): 64M, peak: 182M

vm_info: Java HotSpot(TM) 64-Bit Server VM (17.0.12+8-LTS-286) for windows-amd64 JRE (17.0.12+8-LTS-286), built on Jun  5 2024 06:46:59 by "mach5one" with MS VC++ 17.6 (VS2022)

END.
